<?xml version="1.0" encoding="UTF-8"?>
<!-- Generated by org.testng.reporters.JUnitReportReporter -->
<testsuite hostname="Meghanas-MacBook-Pro.local" failures="0" tests="2" name="seleniumGrid.TestParallel" time="48.963" errors="0" timestamp="2023-03-22T20:40:56 PDT" skipped="0">
  <testcase classname="seleniumGrid.TestParallel" name="doSearch" time="27.828"/>
  <system-out/>
  <testcase classname="seleniumGrid.TestParallel" name="doSearch" time="21.135"/>
  <system-out/>
</testsuite> <!-- seleniumGrid.TestParallel -->
